# JRE version: Java(TM) SE Runtime Environment (8.0_05-b13) (build 1.8.0_05-b13)
# Java VM: Java HotSpot(TM) 64-Bit Server VM (25.5-b02 mixed mode windows-amd64 compressed oops)
Heap:
 def new generation   total 1152K, used 1138K [0x00000000a2400000, 0x00000000a2540000, 0x00000000c1800000)
  eden space 1024K, 100% used [0x00000000a2400000, 0x00000000a2500000, 0x00000000a2500000)
  from space 128K,  89% used [0x00000000a2500000, 0x00000000a251ca90, 0x00000000a2520000)
  to   space 128K,   0% used [0x00000000a2520000, 0x00000000a2520408, 0x00000000a2540000)
 tenured generation   total 97024K, used 9266K [0x00000000c1800000, 0x00000000c76c0000, 0x0000000100000000)
   the space 97024K,   9% used [0x00000000c1800000, 0x00000000c210c9f0, 0x00000000c210ca00, 0x00000000c76c0000)
 Metaspace       used 11166K, capacity 11494K, committed 11648K, reserved 1058816K
  class space    used 1321K, capacity 1395K, committed 1408K, reserved 1048576K
GC Heap History (10 events):
Event: 2.057 GC heap before
{Heap before GC invocations=101 (full 0):
 def new generation   total 1152K, used 1078K [0x00000000a2400000, 0x00000000a2540000, 0x00000000c1800000)
  eden space 1024K, 100% used [0x00000000a2400000, 0x00000000a2500000, 0x00000000a2500000)
  from space 128K,  42% used [0x00000000a2520000, 0x00000000a252dae8, 0x00000000a2540000)
  to   space 128K,   0% used [0x00000000a2500000, 0x00000000a2500000, 0x00000000a2520000)
 tenured generation   total 97024K, used 8851K [0x00000000c1800000, 0x00000000c76c0000, 0x0000000100000000)
   the space 97024K,   9% used [0x00000000c1800000, 0x00000000c20a4e68, 0x00000000c20a5000, 0x00000000c76c0000)
 Metaspace       used 11147K, capacity 11494K, committed 11648K, reserved 1058816K
  class space    used 1321K, capacity 1395K, committed 1408K, reserved 1048576K
Event: 2.059 GC heap after
Heap after GC invocations=102 (full 0):
 def new generation   total 1152K, used 127K [0x00000000a2400000, 0x00000000a2540000, 0x00000000c1800000)
  eden space 1024K,   0% used [0x00000000a2400000, 0x00000000a2400000, 0x00000000a2500000)
  from space 128K,  99% used [0x00000000a2500000, 0x00000000a251fff8, 0x00000000a2520000)
  to   space 128K,   0% used [0x00000000a2520000, 0x00000000a2520000, 0x00000000a2540000)
 tenured generation   total 97024K, used 8865K [0x00000000c1800000, 0x00000000c76c0000, 0x0000000100000000)
   the space 97024K,   9% used [0x00000000c1800000, 0x00000000c20a8520, 0x00000000c20a8600, 0x00000000c76c0000)
 Metaspace       used 11147K, capacity 11494K, committed 11648K, reserved 1058816K
  class space    used 1321K, capacity 1395K, committed 1408K, reserved 1048576K
}
Event: 2.073 GC heap before
{Heap before GC invocations=102 (full 0):
 def new generation   total 1152K, used 1151K [0x00000000a2400000, 0x00000000a2540000, 0x00000000c1800000)
  eden space 1024K, 100% used [0x00000000a2400000, 0x00000000a2500000, 0x00000000a2500000)
  from space 128K,  99% used [0x00000000a2500000, 0x00000000a251fff8, 0x00000000a2520000)
  to   space 128K,   0% used [0x00000000a2520000, 0x00000000a2520000, 0x00000000a2540000)
 tenured generation   total 97024K, used 8865K [0x00000000c1800000, 0x00000000c76c0000, 0x0000000100000000)
   the space 97024K,   9% used [0x00000000c1800000, 0x00000000c20a8520, 0x00000000c20a8600, 0x00000000c76c0000)
 Metaspace       used 11150K, capacity 11494K, committed 11648K, reserved 1058816K
  class space    used 1321K, capacity 1395K, committed 1408K, reserved 1048576K
Event: 2.075 GC heap after
Heap after GC invocations=103 (full 0):
 def new generation   total 1152K, used 111K [0x00000000a2400000, 0x00000000a2540000, 0x00000000c1800000)
  eden space 1024K,   0% used [0x00000000a2400000, 0x00000000a2400000, 0x00000000a2500000)
  from space 128K,  87% used [0x00000000a2520000, 0x00000000a253be28, 0x00000000a2540000)
  to   space 128K,   0% used [0x00000000a2500000, 0x00000000a2500000, 0x00000000a2520000)
 tenured generation   total 97024K, used 8948K [0x00000000c1800000, 0x00000000c76c0000, 0x0000000100000000)
   the space 97024K,   9% used [0x00000000c1800000, 0x00000000c20bd078, 0x00000000c20bd200, 0x00000000c76c0000)
 Metaspace       used 11150K, capacity 11494K, committed 11648K, reserved 1058816K
  class space    used 1321K, capacity 1395K, committed 1408K, reserved 1048576K
}
Event: 2.086 GC heap before
{Heap before GC invocations=103 (full 0):
 def new generation   total 1152K, used 1135K [0x00000000a2400000, 0x00000000a2540000, 0x00000000c1800000)
  eden space 1024K, 100% used [0x00000000a2400000, 0x00000000a2500000, 0x00000000a2500000)
  from space 128K,  87% used [0x00000000a2520000, 0x00000000a253be28, 0x00000000a2540000)
  to   space 128K,   0% used [0x00000000a2500000, 0x00000000a2500000, 0x00000000a2520000)
 tenured generation   total 97024K, used 8948K [0x00000000c1800000, 0x00000000c76c0000, 0x0000000100000000)
   the space 97024K,   9% used [0x00000000c1800000, 0x00000000c20bd078, 0x00000000c20bd200, 0x00000000c76c0000)
 Metaspace       used 11150K, capacity 11494K, committed 11648K, reserved 1058816K
  class space    used 1321K, capacity 1395K, committed 1408K, reserved 1048576K
Event: 2.087 GC heap after
Heap after GC invocations=104 (full 0):
 def new generation   total 1152K, used 73K [0x00000000a2400000, 0x00000000a2540000, 0x00000000c1800000)
  eden space 1024K,   0% used [0x00000000a2400000, 0x00000000a2400000, 0x00000000a2500000)
  from space 128K,  57% used [0x00000000a2500000, 0x00000000a2512768, 0x00000000a2520000)
  to   space 128K,   0% used [0x00000000a2520000, 0x00000000a2520000, 0x00000000a2540000)
 tenured generation   total 97024K, used 9008K [0x00000000c1800000, 0x00000000c76c0000, 0x0000000100000000)
   the space 97024K,   9% used [0x00000000c1800000, 0x00000000c20cc118, 0x00000000c20cc200, 0x00000000c76c0000)
 Metaspace       used 11150K, capacity 11494K, committed 11648K, reserved 1058816K
  class space    used 1321K, capacity 1395K, committed 1408K, reserved 1048576K
}
Event: 2.102 GC heap before
{Heap before GC invocations=104 (full 0):
 def new generation   total 1152K, used 1097K [0x00000000a2400000, 0x00000000a2540000, 0x00000000c1800000)
  eden space 1024K, 100% used [0x00000000a2400000, 0x00000000a2500000, 0x00000000a2500000)
  from space 128K,  57% used [0x00000000a2500000, 0x00000000a2512768, 0x00000000a2520000)
  to   space 128K,   0% used [0x00000000a2520000, 0x00000000a2520000, 0x00000000a2540000)
 tenured generation   total 97024K, used 9008K [0x00000000c1800000, 0x00000000c76c0000, 0x0000000100000000)
   the space 97024K,   9% used [0x00000000c1800000, 0x00000000c20cc118, 0x00000000c20cc200, 0x00000000c76c0000)
 Metaspace       used 11151K, capacity 11494K, committed 11648K, reserved 1058816K
  class space    used 1321K, capacity 1395K, committed 1408K, reserved 1048576K
Event: 2.104 GC heap after
Heap after GC invocations=105 (full 0):
 def new generation   total 1152K, used 128K [0x00000000a2400000, 0x00000000a2540000, 0x00000000c1800000)
  eden space 1024K,   0% used [0x00000000a2400000, 0x00000000a2400000, 0x00000000a2500000)
  from space 128K, 100% used [0x00000000a2520000, 0x00000000a2540000, 0x00000000a2540000)
  to   space 128K,   0% used [0x00000000a2500000, 0x00000000a2500000, 0x00000000a2520000)
 tenured generation   total 97024K, used 9057K [0x00000000c1800000, 0x00000000c76c0000, 0x0000000100000000)
   the space 97024K,   9% used [0x00000000c1800000, 0x00000000c20d85d0, 0x00000000c20d8600, 0x00000000c76c0000)
 Metaspace       used 11151K, capacity 11494K, committed 11648K, reserved 1058816K
  class space    used 1321K, capacity 1395K, committed 1408K, reserved 1048576K
}
Event: 2.112 GC heap before
{Heap before GC invocations=105 (full 0):
 def new generation   total 1152K, used 1152K [0x00000000a2400000, 0x00000000a2540000, 0x00000000c1800000)
  eden space 1024K, 100% used [0x00000000a2400000, 0x00000000a2500000, 0x00000000a2500000)
  from space 128K, 100% used [0x00000000a2520000, 0x00000000a2540000, 0x00000000a2540000)
  to   space 128K,   0% used [0x00000000a2500000, 0x00000000a2500000, 0x00000000a2520000)
 tenured generation   total 97024K, used 9057K [0x00000000c1800000, 0x00000000c76c0000, 0x0000000100000000)
   the space 97024K,   9% used [0x00000000c1800000, 0x00000000c20d85d0, 0x00000000c20d8600, 0x00000000c76c0000)
 Metaspace       used 11152K, capacity 11494K, committed 11648K, reserved 1058816K
  class space    used 1321K, capacity 1395K, committed 1408K, reserved 1048576K
Event: 2.114 GC heap after
Heap after GC invocations=106 (full 0):
 def new generation   total 1152K, used 54K [0x00000000a2400000, 0x00000000a2540000, 0x00000000c1800000)
  eden space 1024K,   0% used [0x00000000a2400000, 0x00000000a2400000, 0x00000000a2500000)
  from space 128K,  42% used [0x00000000a2500000, 0x00000000a250d8e0, 0x00000000a2520000)
  to   space 128K,   0% used [0x00000000a2520000, 0x00000000a2520000, 0x00000000a2540000)
 tenured generation   total 97024K, used 9169K [0x00000000c1800000, 0x00000000c76c0000, 0x0000000100000000)
   the space 97024K,   9% used [0x00000000c1800000, 0x00000000c20f4450, 0x00000000c20f4600, 0x00000000c76c0000)
 Metaspace       used 11152K, capacity 11494K, committed 11648K, reserved 1058816K
  class space    used 1321K, capacity 1395K, committed 1408K, reserved 1048576K
}

