# JRE version: Java(TM) SE Runtime Environment (8.0_05-b13) (build 1.8.0_05-b13)
# Java VM: Java HotSpot(TM) 64-Bit Server VM (25.5-b02 mixed mode windows-amd64 compressed oops)
Heap:
 def new generation   total 1152K, used 467K [0x00000000a2400000, 0x00000000a2540000, 0x00000000c1800000)
  eden space 1024K,  42% used [0x00000000a2400000, 0x00000000a246ca18, 0x00000000a2500000)
  from space 128K,  41% used [0x00000000a2520000, 0x00000000a252d538, 0x00000000a2540000)
  to   space 128K,   0% used [0x00000000a2500000, 0x00000000a2500000, 0x00000000a2520000)
 tenured generation   total 97024K, used 31618K [0x00000000c1800000, 0x00000000c76c0000, 0x0000000100000000)
   the space 97024K,  32% used [0x00000000c1800000, 0x00000000c36e0be8, 0x00000000c36e0c00, 0x00000000c76c0000)
 Metaspace       used 12850K, capacity 13196K, committed 13440K, reserved 1060864K
  class space    used 1486K, capacity 1556K, committed 1664K, reserved 1048576K
GC Heap History (10 events):
Event: 3.541 GC heap before
{Heap before GC invocations=188 (full 0):
 def new generation   total 1152K, used 1084K [0x00000000a2400000, 0x00000000a2540000, 0x00000000c1800000)
  eden space 1024K, 100% used [0x00000000a2400000, 0x00000000a2500000, 0x00000000a2500000)
  from space 128K,  47% used [0x00000000a2500000, 0x00000000a250f3a8, 0x00000000a2520000)
  to   space 128K,   0% used [0x00000000a2520000, 0x00000000a2520000, 0x00000000a2540000)
 tenured generation   total 97024K, used 31089K [0x00000000c1800000, 0x00000000c76c0000, 0x0000000100000000)
   the space 97024K,  32% used [0x00000000c1800000, 0x00000000c365c5b0, 0x00000000c365c600, 0x00000000c76c0000)
 Metaspace       used 12835K, capacity 13132K, committed 13440K, reserved 1060864K
  class space    used 1485K, capacity 1556K, committed 1664K, reserved 1048576K
Event: 3.542 GC heap after
Heap after GC invocations=189 (full 0):
 def new generation   total 1152K, used 128K [0x00000000a2400000, 0x00000000a2540000, 0x00000000c1800000)
  eden space 1024K,   0% used [0x00000000a2400000, 0x00000000a2400000, 0x00000000a2500000)
  from space 128K, 100% used [0x00000000a2520000, 0x00000000a2540000, 0x00000000a2540000)
  to   space 128K,   0% used [0x00000000a2500000, 0x00000000a2500000, 0x00000000a2520000)
 tenured generation   total 97024K, used 31115K [0x00000000c1800000, 0x00000000c76c0000, 0x0000000100000000)
   the space 97024K,  32% used [0x00000000c1800000, 0x00000000c3662e68, 0x00000000c3663000, 0x00000000c76c0000)
 Metaspace       used 12835K, capacity 13132K, committed 13440K, reserved 1060864K
  class space    used 1485K, capacity 1556K, committed 1664K, reserved 1048576K
}
Event: 3.553 GC heap before
{Heap before GC invocations=189 (full 0):
 def new generation   total 1152K, used 1152K [0x00000000a2400000, 0x00000000a2540000, 0x00000000c1800000)
  eden space 1024K, 100% used [0x00000000a2400000, 0x00000000a2500000, 0x00000000a2500000)
  from space 128K, 100% used [0x00000000a2520000, 0x00000000a2540000, 0x00000000a2540000)
  to   space 128K,   0% used [0x00000000a2500000, 0x00000000a2500000, 0x00000000a2520000)
 tenured generation   total 97024K, used 31115K [0x00000000c1800000, 0x00000000c76c0000, 0x0000000100000000)
   the space 97024K,  32% used [0x00000000c1800000, 0x00000000c3662e68, 0x00000000c3663000, 0x00000000c76c0000)
 Metaspace       used 12835K, capacity 13132K, committed 13440K, reserved 1060864K
  class space    used 1485K, capacity 1556K, committed 1664K, reserved 1048576K
Event: 3.555 GC heap after
Heap after GC invocations=190 (full 0):
 def new generation   total 1152K, used 104K [0x00000000a2400000, 0x00000000a2540000, 0x00000000c1800000)
  eden space 1024K,   0% used [0x00000000a2400000, 0x00000000a2400000, 0x00000000a2500000)
  from space 128K,  81% used [0x00000000a2500000, 0x00000000a251a000, 0x00000000a2520000)
  to   space 128K,   0% used [0x00000000a2520000, 0x00000000a2520000, 0x00000000a2540000)
 tenured generation   total 97024K, used 31201K [0x00000000c1800000, 0x00000000c76c0000, 0x0000000100000000)
   the space 97024K,  32% used [0x00000000c1800000, 0x00000000c36787c0, 0x00000000c3678800, 0x00000000c76c0000)
 Metaspace       used 12835K, capacity 13132K, committed 13440K, reserved 1060864K
  class space    used 1485K, capacity 1556K, committed 1664K, reserved 1048576K
}
Event: 3.566 GC heap before
{Heap before GC invocations=190 (full 0):
 def new generation   total 1152K, used 1128K [0x00000000a2400000, 0x00000000a2540000, 0x00000000c1800000)
  eden space 1024K, 100% used [0x00000000a2400000, 0x00000000a2500000, 0x00000000a2500000)
  from space 128K,  81% used [0x00000000a2500000, 0x00000000a251a000, 0x00000000a2520000)
  to   space 128K,   0% used [0x00000000a2520000, 0x00000000a2520000, 0x00000000a2540000)
 tenured generation   total 97024K, used 31201K [0x00000000c1800000, 0x00000000c76c0000, 0x0000000100000000)
   the space 97024K,  32% used [0x00000000c1800000, 0x00000000c36787c0, 0x00000000c3678800, 0x00000000c76c0000)
 Metaspace       used 12836K, capacity 13132K, committed 13440K, reserved 1060864K
  class space    used 1485K, capacity 1556K, committed 1664K, reserved 1048576K
Event: 3.567 GC heap after
Heap after GC invocations=191 (full 0):
 def new generation   total 1152K, used 82K [0x00000000a2400000, 0x00000000a2540000, 0x00000000c1800000)
  eden space 1024K,   0% used [0x00000000a2400000, 0x00000000a2400000, 0x00000000a2500000)
  from space 128K,  64% used [0x00000000a2520000, 0x00000000a2534928, 0x00000000a2540000)
  to   space 128K,   0% used [0x00000000a2500000, 0x00000000a2500000, 0x00000000a2520000)
 tenured generation   total 97024K, used 31250K [0x00000000c1800000, 0x00000000c76c0000, 0x0000000100000000)
   the space 97024K,  32% used [0x00000000c1800000, 0x00000000c3684bd0, 0x00000000c3684c00, 0x00000000c76c0000)
 Metaspace       used 12836K, capacity 13132K, committed 13440K, reserved 1060864K
  class space    used 1485K, capacity 1556K, committed 1664K, reserved 1048576K
}
Event: 3.582 GC heap before
{Heap before GC invocations=191 (full 0):
 def new generation   total 1152K, used 1106K [0x00000000a2400000, 0x00000000a2540000, 0x00000000c1800000)
  eden space 1024K, 100% used [0x00000000a2400000, 0x00000000a2500000, 0x00000000a2500000)
  from space 128K,  64% used [0x00000000a2520000, 0x00000000a2534928, 0x00000000a2540000)
  to   space 128K,   0% used [0x00000000a2500000, 0x00000000a2500000, 0x00000000a2520000)
 tenured generation   total 97024K, used 31250K [0x00000000c1800000, 0x00000000c76c0000, 0x0000000100000000)
   the space 97024K,  32% used [0x00000000c1800000, 0x00000000c3684bd0, 0x00000000c3684c00, 0x00000000c76c0000)
 Metaspace       used 12836K, capacity 13132K, committed 13440K, reserved 1060864K
  class space    used 1485K, capacity 1556K, committed 1664K, reserved 1048576K
Event: 3.584 GC heap after
Heap after GC invocations=192 (full 0):
 def new generation   total 1152K, used 127K [0x00000000a2400000, 0x00000000a2540000, 0x00000000c1800000)
  eden space 1024K,   0% used [0x00000000a2400000, 0x00000000a2400000, 0x00000000a2500000)
  from space 128K,  99% used [0x00000000a2500000, 0x00000000a251fff0, 0x00000000a2520000)
  to   space 128K,   0% used [0x00000000a2520000, 0x00000000a2520000, 0x00000000a2540000)
 tenured generation   total 97024K, used 31305K [0x00000000c1800000, 0x00000000c76c0000, 0x0000000100000000)
   the space 97024K,  32% used [0x00000000c1800000, 0x00000000c3692600, 0x00000000c3692600, 0x00000000c76c0000)
 Metaspace       used 12836K, capacity 13132K, committed 13440K, reserved 1060864K
  class space    used 1485K, capacity 1556K, committed 1664K, reserved 1048576K
}
Event: 3.594 GC heap before
{Heap before GC invocations=192 (full 0):
 def new generation   total 1152K, used 1151K [0x00000000a2400000, 0x00000000a2540000, 0x00000000c1800000)
  eden space 1024K, 100% used [0x00000000a2400000, 0x00000000a2500000, 0x00000000a2500000)
  from space 128K,  99% used [0x00000000a2500000, 0x00000000a251fff0, 0x00000000a2520000)
  to   space 128K,   0% used [0x00000000a2520000, 0x00000000a2520000, 0x00000000a2540000)
 tenured generation   total 97024K, used 31305K [0x00000000c1800000, 0x00000000c76c0000, 0x0000000100000000)
   the space 97024K,  32% used [0x00000000c1800000, 0x00000000c3692600, 0x00000000c3692600, 0x00000000c76c0000)
 Metaspace       used 12836K, capacity 13132K, committed 13440K, reserved 1060864K
  class space    used 1485K, capacity 1556K, committed 1664K, reserved 1048576K
Event: 3.595 GC heap after
Heap after GC invocations=193 (full 0):
 def new generation   total 1152K, used 65K [0x00000000a2400000, 0x00000000a2540000, 0x00000000c1800000)
  eden space 1024K,   0% used [0x00000000a2400000, 0x00000000a2400000, 0x00000000a2500000)
  from space 128K,  51% used [0x00000000a2520000, 0x00000000a2530730, 0x00000000a2540000)
  to   space 128K,   0% used [0x00000000a2500000, 0x00000000a2500000, 0x00000000a2520000)
 tenured generation   total 97024K, used 31390K [0x00000000c1800000, 0x00000000c76c0000, 0x0000000100000000)
   the space 97024K,  32% used [0x00000000c1800000, 0x00000000c36a7880, 0x00000000c36a7a00, 0x00000000c76c0000)
 Metaspace       used 12836K, capacity 13132K, committed 13440K, reserved 1060864K
  class space    used 1485K, capacity 1556K, committed 1664K, reserved 1048576K
}

