# JRE version: Java(TM) SE Runtime Environment (8.0_05-b13) (build 1.8.0_05-b13)
# Java VM: Java HotSpot(TM) 64-Bit Server VM (25.5-b02 mixed mode windows-amd64 compressed oops)
Heap:
 def new generation   total 1152K, used 950K [0x00000000a2400000, 0x00000000a2540000, 0x00000000c1800000)
  eden space 1024K,  80% used [0x00000000a2400000, 0x00000000a24cdab8, 0x00000000a2500000)
  from space 128K,  99% used [0x00000000a2520000, 0x00000000a253fff8, 0x00000000a2540000)
  to   space 128K,   0% used [0x00000000a2500000, 0x00000000a2500000, 0x00000000a2520000)
 tenured generation   total 97024K, used 11305K [0x00000000c1800000, 0x00000000c76c0000, 0x0000000100000000)
   the space 97024K,  11% used [0x00000000c1800000, 0x00000000c230a7f0, 0x00000000c230a800, 0x00000000c76c0000)
 Metaspace       used 8175K, capacity 8396K, committed 8704K, reserved 1056768K
  class space    used 903K, capacity 964K, committed 1024K, reserved 1048576K
GC Heap History (10 events):
Event: 1.073 GC heap before
{Heap before GC invocations=34 (full 0):
 def new generation   total 1152K, used 1152K [0x00000000a2400000, 0x00000000a2540000, 0x00000000c1800000)
  eden space 1024K, 100% used [0x00000000a2400000, 0x00000000a2500000, 0x00000000a2500000)
  from space 128K, 100% used [0x00000000a2500000, 0x00000000a2520000, 0x00000000a2520000)
  to   space 128K,   0% used [0x00000000a2520000, 0x00000000a2520000, 0x00000000a2540000)
 tenured generation   total 97024K, used 6590K [0x00000000c1800000, 0x00000000c76c0000, 0x0000000100000000)
   the space 97024K,   6% used [0x00000000c1800000, 0x00000000c1e6f938, 0x00000000c1e6fa00, 0x00000000c76c0000)
 Metaspace       used 8140K, capacity 8332K, committed 8448K, reserved 1056768K
  class space    used 901K, capacity 964K, committed 1024K, reserved 1048576K
Event: 1.077 GC heap after
Heap after GC invocations=35 (full 0):
 def new generation   total 1152K, used 127K [0x00000000a2400000, 0x00000000a2540000, 0x00000000c1800000)
  eden space 1024K,   0% used [0x00000000a2400000, 0x00000000a2400000, 0x00000000a2500000)
  from space 128K,  99% used [0x00000000a2520000, 0x00000000a253fff0, 0x00000000a2540000)
  to   space 128K,   0% used [0x00000000a2500000, 0x00000000a2500000, 0x00000000a2520000)
 tenured generation   total 97024K, used 7534K [0x00000000c1800000, 0x00000000c76c0000, 0x0000000100000000)
   the space 97024K,   7% used [0x00000000c1800000, 0x00000000c1f5b938, 0x00000000c1f5ba00, 0x00000000c76c0000)
 Metaspace       used 8140K, capacity 8332K, committed 8448K, reserved 1056768K
  class space    used 901K, capacity 964K, committed 1024K, reserved 1048576K
}
Event: 1.092 GC heap before
{Heap before GC invocations=35 (full 0):
 def new generation   total 1152K, used 1151K [0x00000000a2400000, 0x00000000a2540000, 0x00000000c1800000)
  eden space 1024K, 100% used [0x00000000a2400000, 0x00000000a2500000, 0x00000000a2500000)
  from space 128K,  99% used [0x00000000a2520000, 0x00000000a253fff0, 0x00000000a2540000)
  to   space 128K,   0% used [0x00000000a2500000, 0x00000000a2500000, 0x00000000a2520000)
 tenured generation   total 97024K, used 7534K [0x00000000c1800000, 0x00000000c76c0000, 0x0000000100000000)
   the space 97024K,   7% used [0x00000000c1800000, 0x00000000c1f5b938, 0x00000000c1f5ba00, 0x00000000c76c0000)
 Metaspace       used 8140K, capacity 8332K, committed 8448K, reserved 1056768K
  class space    used 901K, capacity 964K, committed 1024K, reserved 1048576K
Event: 1.096 GC heap after
Heap after GC invocations=36 (full 0):
 def new generation   total 1152K, used 128K [0x00000000a2400000, 0x00000000a2540000, 0x00000000c1800000)
  eden space 1024K,   0% used [0x00000000a2400000, 0x00000000a2400000, 0x00000000a2500000)
  from space 128K, 100% used [0x00000000a2500000, 0x00000000a2520000, 0x00000000a2520000)
  to   space 128K,   0% used [0x00000000a2520000, 0x00000000a2520000, 0x00000000a2540000)
 tenured generation   total 97024K, used 8471K [0x00000000c1800000, 0x00000000c76c0000, 0x0000000100000000)
   the space 97024K,   8% used [0x00000000c1800000, 0x00000000c2045d00, 0x00000000c2045e00, 0x00000000c76c0000)
 Metaspace       used 8140K, capacity 8332K, committed 8448K, reserved 1056768K
  class space    used 901K, capacity 964K, committed 1024K, reserved 1048576K
}
Event: 1.109 GC heap before
{Heap before GC invocations=36 (full 0):
 def new generation   total 1152K, used 1152K [0x00000000a2400000, 0x00000000a2540000, 0x00000000c1800000)
  eden space 1024K, 100% used [0x00000000a2400000, 0x00000000a2500000, 0x00000000a2500000)
  from space 128K, 100% used [0x00000000a2500000, 0x00000000a2520000, 0x00000000a2520000)
  to   space 128K,   0% used [0x00000000a2520000, 0x00000000a2520000, 0x00000000a2540000)
 tenured generation   total 97024K, used 8471K [0x00000000c1800000, 0x00000000c76c0000, 0x0000000100000000)
   the space 97024K,   8% used [0x00000000c1800000, 0x00000000c2045d00, 0x00000000c2045e00, 0x00000000c76c0000)
 Metaspace       used 8140K, capacity 8332K, committed 8448K, reserved 1056768K
  class space    used 901K, capacity 964K, committed 1024K, reserved 1048576K
Event: 1.113 GC heap after
Heap after GC invocations=37 (full 0):
 def new generation   total 1152K, used 127K [0x00000000a2400000, 0x00000000a2540000, 0x00000000c1800000)
  eden space 1024K,   0% used [0x00000000a2400000, 0x00000000a2400000, 0x00000000a2500000)
  from space 128K,  99% used [0x00000000a2520000, 0x00000000a253fff8, 0x00000000a2540000)
  to   space 128K,   0% used [0x00000000a2500000, 0x00000000a2500000, 0x00000000a2520000)
 tenured generation   total 97024K, used 9415K [0x00000000c1800000, 0x00000000c76c0000, 0x0000000100000000)
   the space 97024K,   9% used [0x00000000c1800000, 0x00000000c2131ed8, 0x00000000c2132000, 0x00000000c76c0000)
 Metaspace       used 8140K, capacity 8332K, committed 8448K, reserved 1056768K
  class space    used 901K, capacity 964K, committed 1024K, reserved 1048576K
}
Event: 1.123 GC heap before
{Heap before GC invocations=37 (full 0):
 def new generation   total 1152K, used 1151K [0x00000000a2400000, 0x00000000a2540000, 0x00000000c1800000)
  eden space 1024K, 100% used [0x00000000a2400000, 0x00000000a2500000, 0x00000000a2500000)
  from space 128K,  99% used [0x00000000a2520000, 0x00000000a253fff8, 0x00000000a2540000)
  to   space 128K,   0% used [0x00000000a2500000, 0x00000000a2500000, 0x00000000a2520000)
 tenured generation   total 97024K, used 9415K [0x00000000c1800000, 0x00000000c76c0000, 0x0000000100000000)
   the space 97024K,   9% used [0x00000000c1800000, 0x00000000c2131ed8, 0x00000000c2132000, 0x00000000c76c0000)
 Metaspace       used 8140K, capacity 8332K, committed 8448K, reserved 1056768K
  class space    used 901K, capacity 964K, committed 1024K, reserved 1048576K
Event: 1.127 GC heap after
Heap after GC invocations=38 (full 0):
 def new generation   total 1152K, used 127K [0x00000000a2400000, 0x00000000a2540000, 0x00000000c1800000)
  eden space 1024K,   0% used [0x00000000a2400000, 0x00000000a2400000, 0x00000000a2500000)
  from space 128K,  99% used [0x00000000a2500000, 0x00000000a251fff8, 0x00000000a2520000)
  to   space 128K,   0% used [0x00000000a2520000, 0x00000000a2520000, 0x00000000a2540000)
 tenured generation   total 97024K, used 10361K [0x00000000c1800000, 0x00000000c76c0000, 0x0000000100000000)
   the space 97024K,  10% used [0x00000000c1800000, 0x00000000c221e600, 0x00000000c221e600, 0x00000000c76c0000)
 Metaspace       used 8140K, capacity 8332K, committed 8448K, reserved 1056768K
  class space    used 901K, capacity 964K, committed 1024K, reserved 1048576K
}
Event: 1.138 GC heap before
{Heap before GC invocations=38 (full 0):
 def new generation   total 1152K, used 1151K [0x00000000a2400000, 0x00000000a2540000, 0x00000000c1800000)
  eden space 1024K, 100% used [0x00000000a2400000, 0x00000000a2500000, 0x00000000a2500000)
  from space 128K,  99% used [0x00000000a2500000, 0x00000000a251fff8, 0x00000000a2520000)
  to   space 128K,   0% used [0x00000000a2520000, 0x00000000a2520000, 0x00000000a2540000)
 tenured generation   total 97024K, used 10361K [0x00000000c1800000, 0x00000000c76c0000, 0x0000000100000000)
   the space 97024K,  10% used [0x00000000c1800000, 0x00000000c221e600, 0x00000000c221e600, 0x00000000c76c0000)
 Metaspace       used 8140K, capacity 8332K, committed 8448K, reserved 1056768K
  class space    used 901K, capacity 964K, committed 1024K, reserved 1048576K
Event: 1.142 GC heap after
Heap after GC invocations=39 (full 0):
 def new generation   total 1152K, used 127K [0x00000000a2400000, 0x00000000a2540000, 0x00000000c1800000)
  eden space 1024K,   0% used [0x00000000a2400000, 0x00000000a2400000, 0x00000000a2500000)
  from space 128K,  99% used [0x00000000a2520000, 0x00000000a253fff8, 0x00000000a2540000)
  to   space 128K,   0% used [0x00000000a2500000, 0x00000000a2500000, 0x00000000a2520000)
 tenured generation   total 97024K, used 11305K [0x00000000c1800000, 0x00000000c76c0000, 0x0000000100000000)
   the space 97024K,  11% used [0x00000000c1800000, 0x00000000c230a7f0, 0x00000000c230a800, 0x00000000c76c0000)
 Metaspace       used 8140K, capacity 8332K, committed 8448K, reserved 1056768K
  class space    used 901K, capacity 964K, committed 1024K, reserved 1048576K
}

