# JRE version: Java(TM) SE Runtime Environment (8.0_05-b13) (build 1.8.0_05-b13)
# Java VM: Java HotSpot(TM) 64-Bit Server VM (25.5-b02 mixed mode windows-amd64 compressed oops)
Heap:
 def new generation   total 1152K, used 625K [0x00000000a2400000, 0x00000000a2540000, 0x00000000c1800000)
  eden space 1024K,  57% used [0x00000000a2400000, 0x00000000a24945e0, 0x00000000a2500000)
  from space 128K,  25% used [0x00000000a2500000, 0x00000000a25081c0, 0x00000000a2520000)
  to   space 128K,   0% used [0x00000000a2520000, 0x00000000a2520000, 0x00000000a2540000)
 tenured generation   total 97024K, used 67884K [0x00000000c1800000, 0x00000000c76c0000, 0x0000000100000000)
   the space 97024K,  69% used [0x00000000c1800000, 0x00000000c5a4b310, 0x00000000c5a4b400, 0x00000000c76c0000)
 Metaspace       used 19444K, capacity 19980K, committed 20096K, reserved 1067008K
  class space    used 2239K, capacity 2368K, committed 2432K, reserved 1048576K
GC Heap History (10 events):
Event: 13.571 GC heap before
{Heap before GC invocations=973 (full 0):
 def new generation   total 1152K, used 1116K [0x00000000a2400000, 0x00000000a2540000, 0x00000000c1800000)
  eden space 1024K, 100% used [0x00000000a2400000, 0x00000000a2500000, 0x00000000a2500000)
  from space 128K,  72% used [0x00000000a2520000, 0x00000000a25372c8, 0x00000000a2540000)
  to   space 128K,   0% used [0x00000000a2500000, 0x00000000a2500000, 0x00000000a2520000)
 tenured generation   total 97024K, used 67489K [0x00000000c1800000, 0x00000000c76c0000, 0x0000000100000000)
   the space 97024K,  69% used [0x00000000c1800000, 0x00000000c59e8478, 0x00000000c59e8600, 0x00000000c76c0000)
 Metaspace       used 19143K, capacity 19686K, committed 19840K, reserved 1067008K
  class space    used 2208K, capacity 2335K, committed 2432K, reserved 1048576K
Event: 13.574 GC heap after
Heap after GC invocations=974 (full 0):
 def new generation   total 1152K, used 71K [0x00000000a2400000, 0x00000000a2540000, 0x00000000c1800000)
  eden space 1024K,   0% used [0x00000000a2400000, 0x00000000a2400000, 0x00000000a2500000)
  from space 128K,  55% used [0x00000000a2500000, 0x00000000a2511e20, 0x00000000a2520000)
  to   space 128K,   0% used [0x00000000a2520000, 0x00000000a2520000, 0x00000000a2540000)
 tenured generation   total 97024K, used 67543K [0x00000000c1800000, 0x00000000c76c0000, 0x0000000100000000)
   the space 97024K,  69% used [0x00000000c1800000, 0x00000000c59f5f80, 0x00000000c59f6000, 0x00000000c76c0000)
 Metaspace       used 19143K, capacity 19686K, committed 19840K, reserved 1067008K
  class space    used 2208K, capacity 2335K, committed 2432K, reserved 1048576K
}
Event: 13.589 GC heap before
{Heap before GC invocations=974 (full 0):
 def new generation   total 1152K, used 1095K [0x00000000a2400000, 0x00000000a2540000, 0x00000000c1800000)
  eden space 1024K, 100% used [0x00000000a2400000, 0x00000000a2500000, 0x00000000a2500000)
  from space 128K,  55% used [0x00000000a2500000, 0x00000000a2511e20, 0x00000000a2520000)
  to   space 128K,   0% used [0x00000000a2520000, 0x00000000a2520000, 0x00000000a2540000)
 tenured generation   total 97024K, used 67543K [0x00000000c1800000, 0x00000000c76c0000, 0x0000000100000000)
   the space 97024K,  69% used [0x00000000c1800000, 0x00000000c59f5f80, 0x00000000c59f6000, 0x00000000c76c0000)
 Metaspace       used 19148K, capacity 19692K, committed 19840K, reserved 1067008K
  class space    used 2209K, capacity 2336K, committed 2432K, reserved 1048576K
Event: 13.592 GC heap after
Heap after GC invocations=975 (full 0):
 def new generation   total 1152K, used 56K [0x00000000a2400000, 0x00000000a2540000, 0x00000000c1800000)
  eden space 1024K,   0% used [0x00000000a2400000, 0x00000000a2400000, 0x00000000a2500000)
  from space 128K,  44% used [0x00000000a2520000, 0x00000000a252e358, 0x00000000a2540000)
  to   space 128K,   0% used [0x00000000a2500000, 0x00000000a2500000, 0x00000000a2520000)
 tenured generation   total 97024K, used 67576K [0x00000000c1800000, 0x00000000c76c0000, 0x0000000100000000)
   the space 97024K,  69% used [0x00000000c1800000, 0x00000000c59fe3c8, 0x00000000c59fe400, 0x00000000c76c0000)
 Metaspace       used 19148K, capacity 19692K, committed 19840K, reserved 1067008K
  class space    used 2209K, capacity 2336K, committed 2432K, reserved 1048576K
}
Event: 13.618 GC heap before
{Heap before GC invocations=975 (full 0):
 def new generation   total 1152K, used 1080K [0x00000000a2400000, 0x00000000a2540000, 0x00000000c1800000)
  eden space 1024K, 100% used [0x00000000a2400000, 0x00000000a2500000, 0x00000000a2500000)
  from space 128K,  44% used [0x00000000a2520000, 0x00000000a252e358, 0x00000000a2540000)
  to   space 128K,   0% used [0x00000000a2500000, 0x00000000a2500000, 0x00000000a2520000)
 tenured generation   total 97024K, used 67576K [0x00000000c1800000, 0x00000000c76c0000, 0x0000000100000000)
   the space 97024K,  69% used [0x00000000c1800000, 0x00000000c59fe3c8, 0x00000000c59fe400, 0x00000000c76c0000)
 Metaspace       used 19220K, capacity 19756K, committed 20096K, reserved 1067008K
  class space    used 2213K, capacity 2336K, committed 2432K, reserved 1048576K
Event: 13.620 GC heap after
Heap after GC invocations=976 (full 0):
 def new generation   total 1152K, used 117K [0x00000000a2400000, 0x00000000a2540000, 0x00000000c1800000)
  eden space 1024K,   0% used [0x00000000a2400000, 0x00000000a2400000, 0x00000000a2500000)
  from space 128K,  91% used [0x00000000a2500000, 0x00000000a251d460, 0x00000000a2520000)
  to   space 128K,   0% used [0x00000000a2520000, 0x00000000a2520000, 0x00000000a2540000)
 tenured generation   total 97024K, used 67641K [0x00000000c1800000, 0x00000000c76c0000, 0x0000000100000000)
   the space 97024K,  69% used [0x00000000c1800000, 0x00000000c5a0e5f0, 0x00000000c5a0e600, 0x00000000c76c0000)
 Metaspace       used 19220K, capacity 19756K, committed 20096K, reserved 1067008K
  class space    used 2213K, capacity 2336K, committed 2432K, reserved 1048576K
}
Event: 13.647 GC heap before
{Heap before GC invocations=976 (full 0):
 def new generation   total 1152K, used 1141K [0x00000000a2400000, 0x00000000a2540000, 0x00000000c1800000)
  eden space 1024K, 100% used [0x00000000a2400000, 0x00000000a2500000, 0x00000000a2500000)
  from space 128K,  91% used [0x00000000a2500000, 0x00000000a251d460, 0x00000000a2520000)
  to   space 128K,   0% used [0x00000000a2520000, 0x00000000a2520000, 0x00000000a2540000)
 tenured generation   total 97024K, used 67641K [0x00000000c1800000, 0x00000000c76c0000, 0x0000000100000000)
   the space 97024K,  69% used [0x00000000c1800000, 0x00000000c5a0e5f0, 0x00000000c5a0e600, 0x00000000c76c0000)
 Metaspace       used 19385K, capacity 19916K, committed 20096K, reserved 1067008K
  class space    used 2230K, capacity 2368K, committed 2432K, reserved 1048576K
Event: 13.651 GC heap after
Heap after GC invocations=977 (full 0):
 def new generation   total 1152K, used 127K [0x00000000a2400000, 0x00000000a2540000, 0x00000000c1800000)
  eden space 1024K,   0% used [0x00000000a2400000, 0x00000000a2400000, 0x00000000a2500000)
  from space 128K,  99% used [0x00000000a2520000, 0x00000000a253fff8, 0x00000000a2540000)
  to   space 128K,   0% used [0x00000000a2500000, 0x00000000a2500000, 0x00000000a2520000)
 tenured generation   total 97024K, used 67822K [0x00000000c1800000, 0x00000000c76c0000, 0x0000000100000000)
   the space 97024K,  69% used [0x00000000c1800000, 0x00000000c5a3bb18, 0x00000000c5a3bc00, 0x00000000c76c0000)
 Metaspace       used 19385K, capacity 19916K, committed 20096K, reserved 1067008K
  class space    used 2230K, capacity 2368K, committed 2432K, reserved 1048576K
}
Event: 13.658 GC heap before
{Heap before GC invocations=977 (full 0):
 def new generation   total 1152K, used 1151K [0x00000000a2400000, 0x00000000a2540000, 0x00000000c1800000)
  eden space 1024K, 100% used [0x00000000a2400000, 0x00000000a2500000, 0x00000000a2500000)
  from space 128K,  99% used [0x00000000a2520000, 0x00000000a253fff8, 0x00000000a2540000)
  to   space 128K,   0% used [0x00000000a2500000, 0x00000000a2500000, 0x00000000a2520000)
 tenured generation   total 97024K, used 67822K [0x00000000c1800000, 0x00000000c76c0000, 0x0000000100000000)
   the space 97024K,  69% used [0x00000000c1800000, 0x00000000c5a3bb18, 0x00000000c5a3bc00, 0x00000000c76c0000)
 Metaspace       used 19415K, capacity 19980K, committed 20096K, reserved 1067008K
  class space    used 2233K, capacity 2368K, committed 2432K, reserved 1048576K
Event: 13.660 GC heap after
Heap after GC invocations=978 (full 0):
 def new generation   total 1152K, used 32K [0x00000000a2400000, 0x00000000a2540000, 0x00000000c1800000)
  eden space 1024K,   0% used [0x00000000a2400000, 0x00000000a2400000, 0x00000000a2500000)
  from space 128K,  25% used [0x00000000a2500000, 0x00000000a25081c0, 0x00000000a2520000)
  to   space 128K,   0% used [0x00000000a2520000, 0x00000000a2520000, 0x00000000a2540000)
 tenured generation   total 97024K, used 67884K [0x00000000c1800000, 0x00000000c76c0000, 0x0000000100000000)
   the space 97024K,  69% used [0x00000000c1800000, 0x00000000c5a4b310, 0x00000000c5a4b400, 0x00000000c76c0000)
 Metaspace       used 19415K, capacity 19980K, committed 20096K, reserved 1067008K
  class space    used 2233K, capacity 2368K, committed 2432K, reserved 1048576K
}

