# JRE version: Java(TM) SE Runtime Environment (8.0_05-b13) (build 1.8.0_05-b13)
# Java VM: Java HotSpot(TM) 64-Bit Server VM (25.5-b02 mixed mode windows-amd64 compressed oops)
Heap:
 def new generation   total 1152K, used 900K [0x00000000a2400000, 0x00000000a2540000, 0x00000000c1800000)
  eden space 1024K,  81% used [0x00000000a2400000, 0x00000000a24cf800, 0x00000000a2500000)
  from space 128K,  55% used [0x00000000a2520000, 0x00000000a2531bd0, 0x00000000a2540000)
  to   space 128K,   0% used [0x00000000a2500000, 0x00000000a2500000, 0x00000000a2520000)
 tenured generation   total 97024K, used 31755K [0x00000000c1800000, 0x00000000c76c0000, 0x0000000100000000)
   the space 97024K,  32% used [0x00000000c1800000, 0x00000000c3702c68, 0x00000000c3702e00, 0x00000000c76c0000)
 Metaspace       used 12869K, capacity 13196K, committed 13440K, reserved 1060864K
  class space    used 1486K, capacity 1556K, committed 1664K, reserved 1048576K
GC Heap History (10 events):
Event: 3.718 GC heap before
{Heap before GC invocations=189 (full 0):
 def new generation   total 1152K, used 1144K [0x00000000a2400000, 0x00000000a2540000, 0x00000000c1800000)
  eden space 1024K, 100% used [0x00000000a2400000, 0x00000000a2500000, 0x00000000a2500000)
  from space 128K,  94% used [0x00000000a2520000, 0x00000000a253e358, 0x00000000a2540000)
  to   space 128K,   0% used [0x00000000a2500000, 0x00000000a2500000, 0x00000000a2520000)
 tenured generation   total 97024K, used 30863K [0x00000000c1800000, 0x00000000c76c0000, 0x0000000100000000)
   the space 97024K,  31% used [0x00000000c1800000, 0x00000000c3623ed0, 0x00000000c3624000, 0x00000000c76c0000)
 Metaspace       used 12840K, capacity 13196K, committed 13440K, reserved 1060864K
  class space    used 1485K, capacity 1556K, committed 1664K, reserved 1048576K
Event: 3.719 GC heap after
Heap after GC invocations=190 (full 0):
 def new generation   total 1152K, used 119K [0x00000000a2400000, 0x00000000a2540000, 0x00000000c1800000)
  eden space 1024K,   0% used [0x00000000a2400000, 0x00000000a2400000, 0x00000000a2500000)
  from space 128K,  93% used [0x00000000a2500000, 0x00000000a251df60, 0x00000000a2520000)
  to   space 128K,   0% used [0x00000000a2520000, 0x00000000a2520000, 0x00000000a2540000)
 tenured generation   total 97024K, used 30935K [0x00000000c1800000, 0x00000000c76c0000, 0x0000000100000000)
   the space 97024K,  31% used [0x00000000c1800000, 0x00000000c3635f30, 0x00000000c3636000, 0x00000000c76c0000)
 Metaspace       used 12840K, capacity 13196K, committed 13440K, reserved 1060864K
  class space    used 1485K, capacity 1556K, committed 1664K, reserved 1048576K
}
Event: 3.731 GC heap before
{Heap before GC invocations=190 (full 0):
 def new generation   total 1152K, used 1143K [0x00000000a2400000, 0x00000000a2540000, 0x00000000c1800000)
  eden space 1024K, 100% used [0x00000000a2400000, 0x00000000a2500000, 0x00000000a2500000)
  from space 128K,  93% used [0x00000000a2500000, 0x00000000a251df60, 0x00000000a2520000)
  to   space 128K,   0% used [0x00000000a2520000, 0x00000000a2520000, 0x00000000a2540000)
 tenured generation   total 97024K, used 30935K [0x00000000c1800000, 0x00000000c76c0000, 0x0000000100000000)
   the space 97024K,  31% used [0x00000000c1800000, 0x00000000c3635f30, 0x00000000c3636000, 0x00000000c76c0000)
 Metaspace       used 12840K, capacity 13196K, committed 13440K, reserved 1060864K
  class space    used 1485K, capacity 1556K, committed 1664K, reserved 1048576K
Event: 3.732 GC heap after
Heap after GC invocations=191 (full 0):
 def new generation   total 1152K, used 66K [0x00000000a2400000, 0x00000000a2540000, 0x00000000c1800000)
  eden space 1024K,   0% used [0x00000000a2400000, 0x00000000a2400000, 0x00000000a2500000)
  from space 128K,  52% used [0x00000000a2520000, 0x00000000a2530af8, 0x00000000a2540000)
  to   space 128K,   0% used [0x00000000a2500000, 0x00000000a2500000, 0x00000000a2520000)
 tenured generation   total 97024K, used 31005K [0x00000000c1800000, 0x00000000c76c0000, 0x0000000100000000)
   the space 97024K,  31% used [0x00000000c1800000, 0x00000000c3647750, 0x00000000c3647800, 0x00000000c76c0000)
 Metaspace       used 12840K, capacity 13196K, committed 13440K, reserved 1060864K
  class space    used 1485K, capacity 1556K, committed 1664K, reserved 1048576K
}
Event: 3.749 GC heap before
{Heap before GC invocations=191 (full 0):
 def new generation   total 1152K, used 1090K [0x00000000a2400000, 0x00000000a2540000, 0x00000000c1800000)
  eden space 1024K, 100% used [0x00000000a2400000, 0x00000000a2500000, 0x00000000a2500000)
  from space 128K,  52% used [0x00000000a2520000, 0x00000000a2530af8, 0x00000000a2540000)
  to   space 128K,   0% used [0x00000000a2500000, 0x00000000a2500000, 0x00000000a2520000)
 tenured generation   total 97024K, used 31005K [0x00000000c1800000, 0x00000000c76c0000, 0x0000000100000000)
   the space 97024K,  31% used [0x00000000c1800000, 0x00000000c3647750, 0x00000000c3647800, 0x00000000c76c0000)
 Metaspace       used 12841K, capacity 13196K, committed 13440K, reserved 1060864K
  class space    used 1485K, capacity 1556K, committed 1664K, reserved 1048576K
Event: 3.751 GC heap after
Heap after GC invocations=192 (full 0):
 def new generation   total 1152K, used 128K [0x00000000a2400000, 0x00000000a2540000, 0x00000000c1800000)
  eden space 1024K,   0% used [0x00000000a2400000, 0x00000000a2400000, 0x00000000a2500000)
  from space 128K, 100% used [0x00000000a2500000, 0x00000000a2520000, 0x00000000a2520000)
  to   space 128K,   0% used [0x00000000a2520000, 0x00000000a2520000, 0x00000000a2540000)
 tenured generation   total 97024K, used 31048K [0x00000000c1800000, 0x00000000c76c0000, 0x0000000100000000)
   the space 97024K,  32% used [0x00000000c1800000, 0x00000000c3652298, 0x00000000c3652400, 0x00000000c76c0000)
 Metaspace       used 12841K, capacity 13196K, committed 13440K, reserved 1060864K
  class space    used 1485K, capacity 1556K, committed 1664K, reserved 1048576K
}
Event: 3.760 GC heap before
{Heap before GC invocations=192 (full 0):
 def new generation   total 1152K, used 1152K [0x00000000a2400000, 0x00000000a2540000, 0x00000000c1800000)
  eden space 1024K, 100% used [0x00000000a2400000, 0x00000000a2500000, 0x00000000a2500000)
  from space 128K, 100% used [0x00000000a2500000, 0x00000000a2520000, 0x00000000a2520000)
  to   space 128K,   0% used [0x00000000a2520000, 0x00000000a2520000, 0x00000000a2540000)
 tenured generation   total 97024K, used 31048K [0x00000000c1800000, 0x00000000c76c0000, 0x0000000100000000)
   the space 97024K,  32% used [0x00000000c1800000, 0x00000000c3652298, 0x00000000c3652400, 0x00000000c76c0000)
 Metaspace       used 12841K, capacity 13196K, committed 13440K, reserved 1060864K
  class space    used 1485K, capacity 1556K, committed 1664K, reserved 1048576K
Event: 3.762 GC heap after
Heap after GC invocations=193 (full 0):
 def new generation   total 1152K, used 56K [0x00000000a2400000, 0x00000000a2540000, 0x00000000c1800000)
  eden space 1024K,   0% used [0x00000000a2400000, 0x00000000a2400000, 0x00000000a2500000)
  from space 128K,  44% used [0x00000000a2520000, 0x00000000a252e280, 0x00000000a2540000)
  to   space 128K,   0% used [0x00000000a2500000, 0x00000000a2500000, 0x00000000a2520000)
 tenured generation   total 97024K, used 31130K [0x00000000c1800000, 0x00000000c76c0000, 0x0000000100000000)
   the space 97024K,  32% used [0x00000000c1800000, 0x00000000c3666bf0, 0x00000000c3666c00, 0x00000000c76c0000)
 Metaspace       used 12841K, capacity 13196K, committed 13440K, reserved 1060864K
  class space    used 1485K, capacity 1556K, committed 1664K, reserved 1048576K
}
Event: 3.784 GC heap before
{Heap before GC invocations=193 (full 0):
 def new generation   total 1152K, used 1080K [0x00000000a2400000, 0x00000000a2540000, 0x00000000c1800000)
  eden space 1024K, 100% used [0x00000000a2400000, 0x00000000a2500000, 0x00000000a2500000)
  from space 128K,  44% used [0x00000000a2520000, 0x00000000a252e280, 0x00000000a2540000)
  to   space 128K,   0% used [0x00000000a2500000, 0x00000000a2500000, 0x00000000a2520000)
 tenured generation   total 97024K, used 31130K [0x00000000c1800000, 0x00000000c76c0000, 0x0000000100000000)
   the space 97024K,  32% used [0x00000000c1800000, 0x00000000c3666bf0, 0x00000000c3666c00, 0x00000000c76c0000)
 Metaspace       used 12852K, capacity 13196K, committed 13440K, reserved 1060864K
  class space    used 1486K, capacity 1556K, committed 1664K, reserved 1048576K
Event: 3.787 GC heap after
Heap after GC invocations=194 (full 0):
 def new generation   total 1152K, used 127K [0x00000000a2400000, 0x00000000a2540000, 0x00000000c1800000)
  eden space 1024K,   0% used [0x00000000a2400000, 0x00000000a2400000, 0x00000000a2500000)
  from space 128K,  99% used [0x00000000a2500000, 0x00000000a251fff8, 0x00000000a2520000)
  to   space 128K,   0% used [0x00000000a2520000, 0x00000000a2520000, 0x00000000a2540000)
 tenured generation   total 97024K, used 31218K [0x00000000c1800000, 0x00000000c76c0000, 0x0000000100000000)
   the space 97024K,  32% used [0x00000000c1800000, 0x00000000c367c978, 0x00000000c367ca00, 0x00000000c76c0000)
 Metaspace       used 12852K, capacity 13196K, committed 13440K, reserved 1060864K
  class space    used 1486K, capacity 1556K, committed 1664K, reserved 1048576K
}

