# JRE version: Java(TM) SE Runtime Environment (8.0_05-b13) (build 1.8.0_05-b13)
# Java VM: Java HotSpot(TM) 64-Bit Server VM (25.5-b02 mixed mode windows-amd64 compressed oops)
Heap:
 def new generation   total 1152K, used 442K [0x00000000a2400000, 0x00000000a2540000, 0x00000000c1800000)
  eden space 1024K,  30% used [0x00000000a2400000, 0x00000000a244eb80, 0x00000000a2500000)
  from space 128K,  99% used [0x00000000a2520000, 0x00000000a253fed8, 0x00000000a2540000)
  to   space 128K,   0% used [0x00000000a2500000, 0x00000000a2500000, 0x00000000a2520000)
 tenured generation   total 97024K, used 4602K [0x00000000c1800000, 0x00000000c76c0000, 0x0000000100000000)
   the space 97024K,   4% used [0x00000000c1800000, 0x00000000c1c7ebd8, 0x00000000c1c7ec00, 0x00000000c76c0000)
 Metaspace       used 8881K, capacity 9080K, committed 9344K, reserved 1056768K
  class space    used 1063K, capacity 1126K, committed 1152K, reserved 1048576K
GC Heap History (10 events):
Event: 0.932 GC heap before
{Heap before GC invocations=34 (full 0):
 def new generation   total 1152K, used 1151K [0x00000000a2400000, 0x00000000a2540000, 0x00000000c1800000)
  eden space 1024K, 100% used [0x00000000a2400000, 0x00000000a2500000, 0x00000000a2500000)
  from space 128K,  99% used [0x00000000a2500000, 0x00000000a251fe50, 0x00000000a2520000)
  to   space 128K,   0% used [0x00000000a2520000, 0x00000000a2520000, 0x00000000a2540000)
 tenured generation   total 97024K, used 4239K [0x00000000c1800000, 0x00000000c76c0000, 0x0000000100000000)
   the space 97024K,   4% used [0x00000000c1800000, 0x00000000c1c23d80, 0x00000000c1c23e00, 0x00000000c76c0000)
 Metaspace       used 8241K, capacity 8460K, committed 8832K, reserved 1056768K
  class space    used 945K, capacity 1028K, committed 1152K, reserved 1048576K
Event: 0.933 GC heap after
Heap after GC invocations=35 (full 0):
 def new generation   total 1152K, used 126K [0x00000000a2400000, 0x00000000a2540000, 0x00000000c1800000)
  eden space 1024K,   0% used [0x00000000a2400000, 0x00000000a2400000, 0x00000000a2500000)
  from space 128K,  99% used [0x00000000a2520000, 0x00000000a253fb78, 0x00000000a2540000)
  to   space 128K,   0% used [0x00000000a2500000, 0x00000000a2500000, 0x00000000a2520000)
 tenured generation   total 97024K, used 4285K [0x00000000c1800000, 0x00000000c76c0000, 0x0000000100000000)
   the space 97024K,   4% used [0x00000000c1800000, 0x00000000c1c2f618, 0x00000000c1c2f800, 0x00000000c76c0000)
 Metaspace       used 8241K, capacity 8460K, committed 8832K, reserved 1056768K
  class space    used 945K, capacity 1028K, committed 1152K, reserved 1048576K
}
Event: 0.944 GC heap before
{Heap before GC invocations=35 (full 0):
 def new generation   total 1152K, used 1150K [0x00000000a2400000, 0x00000000a2540000, 0x00000000c1800000)
  eden space 1024K, 100% used [0x00000000a2400000, 0x00000000a2500000, 0x00000000a2500000)
  from space 128K,  99% used [0x00000000a2520000, 0x00000000a253fb78, 0x00000000a2540000)
  to   space 128K,   0% used [0x00000000a2500000, 0x00000000a2500000, 0x00000000a2520000)
 tenured generation   total 97024K, used 4285K [0x00000000c1800000, 0x00000000c76c0000, 0x0000000100000000)
   the space 97024K,   4% used [0x00000000c1800000, 0x00000000c1c2f618, 0x00000000c1c2f800, 0x00000000c76c0000)
 Metaspace       used 8345K, capacity 8524K, committed 8832K, reserved 1056768K
  class space    used 967K, capacity 1028K, committed 1152K, reserved 1048576K
Event: 0.945 GC heap after
Heap after GC invocations=36 (full 0):
 def new generation   total 1152K, used 122K [0x00000000a2400000, 0x00000000a2540000, 0x00000000c1800000)
  eden space 1024K,   0% used [0x00000000a2400000, 0x00000000a2400000, 0x00000000a2500000)
  from space 128K,  95% used [0x00000000a2500000, 0x00000000a251e8a0, 0x00000000a2520000)
  to   space 128K,   0% used [0x00000000a2520000, 0x00000000a2520000, 0x00000000a2540000)
 tenured generation   total 97024K, used 4339K [0x00000000c1800000, 0x00000000c76c0000, 0x0000000100000000)
   the space 97024K,   4% used [0x00000000c1800000, 0x00000000c1c3cd80, 0x00000000c1c3ce00, 0x00000000c76c0000)
 Metaspace       used 8345K, capacity 8524K, committed 8832K, reserved 1056768K
  class space    used 967K, capacity 1028K, committed 1152K, reserved 1048576K
}
Event: 0.964 GC heap before
{Heap before GC invocations=36 (full 0):
 def new generation   total 1152K, used 1146K [0x00000000a2400000, 0x00000000a2540000, 0x00000000c1800000)
  eden space 1024K, 100% used [0x00000000a2400000, 0x00000000a2500000, 0x00000000a2500000)
  from space 128K,  95% used [0x00000000a2500000, 0x00000000a251e8a0, 0x00000000a2520000)
  to   space 128K,   0% used [0x00000000a2520000, 0x00000000a2520000, 0x00000000a2540000)
 tenured generation   total 97024K, used 4339K [0x00000000c1800000, 0x00000000c76c0000, 0x0000000100000000)
   the space 97024K,   4% used [0x00000000c1800000, 0x00000000c1c3cd80, 0x00000000c1c3ce00, 0x00000000c76c0000)
 Metaspace       used 8510K, capacity 8684K, committed 8832K, reserved 1056768K
  class space    used 1007K, capacity 1060K, committed 1152K, reserved 1048576K
Event: 0.965 GC heap after
Heap after GC invocations=37 (full 0):
 def new generation   total 1152K, used 127K [0x00000000a2400000, 0x00000000a2540000, 0x00000000c1800000)
  eden space 1024K,   0% used [0x00000000a2400000, 0x00000000a2400000, 0x00000000a2500000)
  from space 128K,  99% used [0x00000000a2520000, 0x00000000a253fff8, 0x00000000a2540000)
  to   space 128K,   0% used [0x00000000a2500000, 0x00000000a2500000, 0x00000000a2520000)
 tenured generation   total 97024K, used 4381K [0x00000000c1800000, 0x00000000c76c0000, 0x0000000100000000)
   the space 97024K,   4% used [0x00000000c1800000, 0x00000000c1c47728, 0x00000000c1c47800, 0x00000000c76c0000)
 Metaspace       used 8510K, capacity 8684K, committed 8832K, reserved 1056768K
  class space    used 1007K, capacity 1060K, committed 1152K, reserved 1048576K
}
Event: 0.993 GC heap before
{Heap before GC invocations=37 (full 0):
 def new generation   total 1152K, used 1151K [0x00000000a2400000, 0x00000000a2540000, 0x00000000c1800000)
  eden space 1024K, 100% used [0x00000000a2400000, 0x00000000a2500000, 0x00000000a2500000)
  from space 128K,  99% used [0x00000000a2520000, 0x00000000a253fff8, 0x00000000a2540000)
  to   space 128K,   0% used [0x00000000a2500000, 0x00000000a2500000, 0x00000000a2520000)
 tenured generation   total 97024K, used 4381K [0x00000000c1800000, 0x00000000c76c0000, 0x0000000100000000)
   the space 97024K,   4% used [0x00000000c1800000, 0x00000000c1c47728, 0x00000000c1c47800, 0x00000000c76c0000)
 Metaspace       used 8713K, capacity 8914K, committed 9088K, reserved 1056768K
  class space    used 1038K, capacity 1093K, committed 1152K, reserved 1048576K
Event: 0.995 GC heap after
Heap after GC invocations=38 (full 0):
 def new generation   total 1152K, used 127K [0x00000000a2400000, 0x00000000a2540000, 0x00000000c1800000)
  eden space 1024K,   0% used [0x00000000a2400000, 0x00000000a2400000, 0x00000000a2500000)
  from space 128K,  99% used [0x00000000a2500000, 0x00000000a251fc80, 0x00000000a2520000)
  to   space 128K,   0% used [0x00000000a2520000, 0x00000000a2520000, 0x00000000a2540000)
 tenured generation   total 97024K, used 4477K [0x00000000c1800000, 0x00000000c76c0000, 0x0000000100000000)
   the space 97024K,   4% used [0x00000000c1800000, 0x00000000c1c5f6f8, 0x00000000c1c5f800, 0x00000000c76c0000)
 Metaspace       used 8713K, capacity 8914K, committed 9088K, reserved 1056768K
  class space    used 1038K, capacity 1093K, committed 1152K, reserved 1048576K
}
Event: 1.014 GC heap before
{Heap before GC invocations=38 (full 0):
 def new generation   total 1152K, used 1151K [0x00000000a2400000, 0x00000000a2540000, 0x00000000c1800000)
  eden space 1024K, 100% used [0x00000000a2400000, 0x00000000a2500000, 0x00000000a2500000)
  from space 128K,  99% used [0x00000000a2500000, 0x00000000a251fc80, 0x00000000a2520000)
  to   space 128K,   0% used [0x00000000a2520000, 0x00000000a2520000, 0x00000000a2540000)
 tenured generation   total 97024K, used 4477K [0x00000000c1800000, 0x00000000c76c0000, 0x0000000100000000)
   the space 97024K,   4% used [0x00000000c1800000, 0x00000000c1c5f6f8, 0x00000000c1c5f800, 0x00000000c76c0000)
 Metaspace       used 8853K, capacity 9080K, committed 9344K, reserved 1056768K
  class space    used 1057K, capacity 1126K, committed 1152K, reserved 1048576K
Event: 1.016 GC heap after
Heap after GC invocations=39 (full 0):
 def new generation   total 1152K, used 127K [0x00000000a2400000, 0x00000000a2540000, 0x00000000c1800000)
  eden space 1024K,   0% used [0x00000000a2400000, 0x00000000a2400000, 0x00000000a2500000)
  from space 128K,  99% used [0x00000000a2520000, 0x00000000a253fed8, 0x00000000a2540000)
  to   space 128K,   0% used [0x00000000a2500000, 0x00000000a2500000, 0x00000000a2520000)
 tenured generation   total 97024K, used 4602K [0x00000000c1800000, 0x00000000c76c0000, 0x0000000100000000)
   the space 97024K,   4% used [0x00000000c1800000, 0x00000000c1c7ebd8, 0x00000000c1c7ec00, 0x00000000c76c0000)
 Metaspace       used 8853K, capacity 9080K, committed 9344K, reserved 1056768K
  class space    used 1057K, capacity 1126K, committed 1152K, reserved 1048576K
}

